<?xml version="1.0" encoding="UTF-8"?>
<testsuite name="net.gapul.jpphonedirectory.PhoneListTest" tests="5" skipped="0" failures="0" errors="0" timestamp="2026-08-28T09:38:22" hostname="MacBook-Mini" time="5.327">
  <properties/>
  <testcase name="normalisation matches the harvesters" classname="net.gapul.jpphonedirectory.PhoneListTest" time="2.485"/>
  <testcase name="finds every entry and nothing between them" classname="net.gapul.jpphonedirectory.PhoneListTest" time="2.439"/>
  <testcase name="earlier list wins and a suppression hides the number" classname="net.gapul.jpphonedirectory.PhoneListTest" time="0.3"/>
  <testcase name="rejects a file that is not a packed list" classname="net.gapul.jpphonedirectory.PhoneListTest" time="0.029"/>
  <testcase name="reads japanese labels back intact" classname="net.gapul.jpphonedirectory.PhoneListTest" time="0.018"/>
  <system-out><![CDATA[]]></system-out>
  <system-err><![CDATA[]]></system-err>
</testsuite>
